<?xml version="1.0" encoding="UTF-8"?>
<!-- Generated by org.testng.reporters.JUnitXMLReporter -->
<testsuite hostname="LAPTOP-1016HSRS" ignored="0" name="Default test" tests="4" failures="0" timestamp="19 Dec 2019 18:07:40 GMT" time="0.134" errors="0">
  <testcase name="hasnain" time="0.067" classname="testngconcepts.TestNGGroupsConcept"/>
  <testcase name="qhubaib" time="0.002" classname="testngconcepts.TestNGGroupsConcept"/>
  <testcase name="roshan" time="0.001" classname="testngconcepts.TestNGGroupsConcept"/>
  <testcase name="sadaddin" time="0.003" classname="testngconcepts.TestNGGroupsConcept"/>
</testsuite> <!-- Default test -->
