<?xml version="1.0" encoding="UTF-8"?>
<!-- Generated by org.testng.reporters.JUnitXMLReporter -->
<testsuite hostname="LAPTOP-1016HSRS" ignored="5" name="mytest" tests="1" failures="0" timestamp="19 Dec 2019 18:50:43 GMT" time="13.331" errors="0">
  <testcase name="flipkart" time="12.377" classname="testngconcepts.TestNGGroupsConcept"/>
  <testcase name="roshan" time="0.0" classname="testngconcepts.TestNGGroupsConcept">
    <ignored/>
  </testcase> <!-- roshan -->
  <testcase name="hasnain" time="0.0" classname="testngconcepts.TestNGGroupsConcept">
    <ignored/>
  </testcase> <!-- hasnain -->
  <testcase name="qhubaib" time="0.0" classname="testngconcepts.TestNGGroupsConcept">
    <ignored/>
  </testcase> <!-- qhubaib -->
  <testcase name="sadaddin" time="0.0" classname="testngconcepts.TestNGGroupsConcept">
    <ignored/>
  </testcase> <!-- sadaddin -->
  <testcase name="google" time="0.0" classname="testngconcepts.TestNGGroupsConcept">
    <ignored/>
  </testcase> <!-- google -->
</testsuite> <!-- mytest -->
