<?xml version="1.0" encoding="UTF-8"?>
<!-- Generated by org.testng.reporters.JUnitXMLReporter -->
<testsuite hostname="LAPTOP-1016HSRS" ignored="2" name="Test" tests="1" failures="0" timestamp="20 Jan 2020 06:19:56 GMT" time="0.057" errors="0">
  <testcase name="method" time="0.016" classname="testngconcepts.TestNGGroupTest"/>
  <testcase name="method2" time="0.0" classname="testngconcepts.TestNGGroupTest">
    <ignored/>
  </testcase> <!-- method2 -->
  <testcase name="method1" time="0.0" classname="testngconcepts.TestNGGroupTest">
    <ignored/>
  </testcase> <!-- method1 -->
</testsuite> <!-- Test -->
