<?xml version="1.0" encoding="UTF-8"?>
<!-- Generated by org.testng.reporters.JUnitXMLReporter -->
<testsuite hostname="LAPTOP-1016HSRS" ignored="12" tests="0" failures="0" timestamp="19 Dec 2019 18:54:10 GMT" time="0.01" errors="0">
  <testcase name="flipkart" time="0.0" classname="testngconcepts.TestNGGroupsConcept">
    <ignored/>
  </testcase> <!-- flipkart -->
  <testcase name="hasnain" time="0.0" classname="testngconcepts.TestNGGroupsConcept2">
    <ignored/>
  </testcase> <!-- hasnain -->
  <testcase name="roshan" time="0.0" classname="testngconcepts.TestNGGroupsConcept">
    <ignored/>
  </testcase> <!-- roshan -->
  <testcase name="hasnain" time="0.0" classname="testngconcepts.TestNGGroupsConcept">
    <ignored/>
  </testcase> <!-- hasnain -->
  <testcase name="flipkart" time="0.0" classname="testngconcepts.TestNGGroupsConcept2">
    <ignored/>
  </testcase> <!-- flipkart -->
  <testcase name="roshan" time="0.0" classname="testngconcepts.TestNGGroupsConcept2">
    <ignored/>
  </testcase> <!-- roshan -->
  <testcase name="qhubaib" time="0.0" classname="testngconcepts.TestNGGroupsConcept">
    <ignored/>
  </testcase> <!-- qhubaib -->
  <testcase name="google" time="0.0" classname="testngconcepts.TestNGGroupsConcept2">
    <ignored/>
  </testcase> <!-- google -->
  <testcase name="sadaddin" time="0.0" classname="testngconcepts.TestNGGroupsConcept">
    <ignored/>
  </testcase> <!-- sadaddin -->
  <testcase name="google" time="0.0" classname="testngconcepts.TestNGGroupsConcept">
    <ignored/>
  </testcase> <!-- google -->
  <testcase name="qhubaib" time="0.0" classname="testngconcepts.TestNGGroupsConcept2">
    <ignored/>
  </testcase> <!-- qhubaib -->
  <testcase name="sadaddin" time="0.0" classname="testngconcepts.TestNGGroupsConcept2">
    <ignored/>
  </testcase> <!-- sadaddin -->
</testsuite>
