<?xml version="1.0" encoding="UTF-8"?>
<testng-results skipped="0" failed="0" ignored="2" total="3" passed="1">
  <reporter-output>
  </reporter-output>
  <suite name="Suite" duration-ms="57" started-at="2020-01-20T06:19:56Z" finished-at="2020-01-20T06:19:56Z">
    <groups>
      <group name="regression">
        <method signature="TestNGGroupTest.method()[pri:0, instance:testngconcepts.TestNGGroupTest@2d9d4f9d]" name="method" class="testngconcepts.TestNGGroupTest"/>
      </group> <!-- regression -->
    </groups>
    <test name="Test" duration-ms="57" started-at="2020-01-20T06:19:56Z" finished-at="2020-01-20T06:19:56Z">
      <class name="testngconcepts.TestNGGroupTest">
        <test-method status="PASS" signature="method()[pri:0, instance:testngconcepts.TestNGGroupTest@2d9d4f9d]" name="method" duration-ms="16" started-at="2020-01-20T06:19:56Z" finished-at="2020-01-20T06:19:56Z">
          <reporter-output>
          </reporter-output>
        </test-method> <!-- method -->
      </class> <!-- testngconcepts.TestNGGroupTest -->
    </test> <!-- Test -->
  </suite> <!-- Suite -->
</testng-results>
