<?xml version="1.0" encoding="UTF-8"?>
<testng-results skipped="0" failed="0" ignored="0" total="1" passed="1">
  <reporter-output>
  </reporter-output>
  <suite name="Default suite" duration-ms="24463" started-at="2019-12-29T15:58:05Z" finished-at="2019-12-29T15:58:30Z">
    <groups>
    </groups>
    <test name="Default test" duration-ms="24463" started-at="2019-12-29T15:58:05Z" finished-at="2019-12-29T15:58:30Z">
      <class name="seleniuminterviewtopics.JavascriptExecutorProgram">
        <test-method status="PASS" signature="test()[pri:0, instance:seleniuminterviewtopics.JavascriptExecutorProgram@7d9d1a19]" name="test" duration-ms="24405" started-at="2019-12-29T15:58:05Z" finished-at="2019-12-29T15:58:30Z">
          <reporter-output>
          </reporter-output>
        </test-method> <!-- test -->
      </class> <!-- seleniuminterviewtopics.JavascriptExecutorProgram -->
    </test> <!-- Default test -->
  </suite> <!-- Default suite -->
</testng-results>
